2012/10/03 15:48:54 [error] [php] include(User.php): failed to open stream: No such file or directory (/var/www/cp/yii/framework/YiiBase.php:423)
Stack trace:
#0 /var/www/cp/docs/protected/components/UserIdentity.php(14): spl_autoload_call()
#1 /var/www/cp/docs/protected/models/LoginForm.php(52): UserIdentity->authenticate()
#2 /var/www/cp/yii/framework/validators/CInlineValidator.php(43): LoginForm->authenticate()
#3 /var/www/cp/yii/framework/validators/CValidator.php(214): CInlineValidator->validateAttribute()
#4 /var/www/cp/yii/framework/base/CModel.php(158): CInlineValidator->validate()
#5 /var/www/cp/docs/protected/controllers/SiteController.php(94): LoginForm->validate()
#6 /var/www/cp/yii/framework/web/actions/CInlineAction.php(50): SiteController->actionLogin()
#7 /var/www/cp/yii/framework/web/CController.php(309): CInlineAction->runWithParams()
#8 /var/www/cp/yii/framework/web/CController.php(287): SiteController->runAction()
#9 /var/www/cp/yii/framework/web/CController.php(266): SiteController->runActionWithFilters()
#10 /var/www/cp/yii/framework/web/CWebApplication.php(283): SiteController->run()
#11 /var/www/cp/yii/framework/web/CWebApplication.php(142): CWebApplication->runController()
#12 /var/www/cp/yii/framework/base/CApplication.php(162): CWebApplication->processRequest()
#13 /var/www/cp/docs/index.php(13): CWebApplication->run()
REQUEST_URI=/site/login
in /var/www/cp/docs/protected/components/UserIdentity.php (14)
in /var/www/cp/docs/protected/models/LoginForm.php (52)
in /var/www/cp/docs/protected/controllers/SiteController.php (94)
